<?xml version="1.0" encoding="UTF-8"?>
<testsuite hostname="PUGWSGH716S1VJ" name="com.PPM.qa.testcases.HomePageTest" tests="6" failures="0" timestamp="7 Jun 2019 10:29:52 GMT" time="159.71" errors="0">
  <testcase name="validateHomePageTitleTest" time="0.014" classname="com.PPM.qa.testcases.HomePageTest"/>
  <testcase name="loginPageTitleTest" time="0.012" classname="com.PPM.qa.testcases.LoginPageTest"/>
  <testcase name="createProgramTest3" time="14.147" classname="com.PPM.qa.testcases.ProjectPageTest"/>
  <testcase name="createProgramTest3" time="13.905" classname="com.PPM.qa.testcases.ProjectPageTest"/>
  <testcase name="verifyusernameTest" time="1.624" classname="com.PPM.qa.testcases.HomePageTest"/>
  <testcase name="loginTest" time="26.093" classname="com.PPM.qa.testcases.LoginPageTest"/>
</testsuite>
