<?xml version="1.0" encoding="UTF-8"?>
<!-- Generated by org.testng.reporters.JUnitXMLReporter -->
<testsuite hostname="PUGWSGH716S1VJ" ignored="0" name="TestBasicFunctionality" tests="5" failures="0" timestamp="04 Jun 2019 09:42:12 GMT" time="198.718" errors="0">
  <testcase name="loginPageTitleTest" time="0.016" classname="com.PPM.qa.testcases.LoginPageTest"/>
  <testcase name="validateHomePageTitleTest" time="0.015" classname="com.PPM.qa.testcases.HomePageTest"/>
  <testcase name="createProgramTest" time="43.281" classname="com.PPM.qa.testcases.ProjectPageTest"/>
  <testcase name="loginTest" time="29.269" classname="com.PPM.qa.testcases.LoginPageTest"/>
  <testcase name="verifyusernameTest" time="1.573" classname="com.PPM.qa.testcases.HomePageTest"/>
</testsuite> <!-- TestBasicFunctionality -->
