<?xml version="1.0" encoding="UTF-8"?>
<testng-results skipped="0" failed="0" ignored="0" total="1" passed="1">
  <reporter-output>
  </reporter-output>
  <suite name="Default suite" duration-ms="24044" started-at="2019-06-17T13:12:41Z" finished-at="2019-06-17T13:13:05Z">
    <groups>
    </groups>
    <test name="Default test" duration-ms="24044" started-at="2019-06-17T13:12:41Z" finished-at="2019-06-17T13:13:05Z">
      <class name="com.PPM.qa.testcases.LoginPageTest">
        <test-method status="PASS" signature="setup()[pri:0, instance:com.PPM.qa.testcases.LoginPageTest@4524411f]" name="setup" is-config="true" duration-ms="14826" started-at="2019-06-17T18:42:41Z" finished-at="2019-06-17T18:42:56Z">
          <reporter-output>
          </reporter-output>
        </test-method> <!-- setup -->
        <test-method status="PASS" signature="loginPageTitleTest()[pri:1, instance:com.PPM.qa.testcases.LoginPageTest@4524411f]" name="loginPageTitleTest" duration-ms="9148" started-at="2019-06-17T18:42:56Z" finished-at="2019-06-17T18:43:05Z">
          <reporter-output>
          </reporter-output>
        </test-method> <!-- loginPageTitleTest -->
        <test-method status="PASS" signature="tearDown()[pri:0, instance:com.PPM.qa.testcases.LoginPageTest@4524411f]" name="tearDown" is-config="true" duration-ms="52" started-at="2019-06-17T18:43:05Z" finished-at="2019-06-17T18:43:05Z">
          <reporter-output>
          </reporter-output>
        </test-method> <!-- tearDown -->
      </class> <!-- com.PPM.qa.testcases.LoginPageTest -->
    </test> <!-- Default test -->
  </suite> <!-- Default suite -->
</testng-results>
