<?xml version="1.0" encoding="UTF-8"?>
<!-- Generated by org.testng.reporters.JUnitXMLReporter -->
<testsuite hostname="PUGWSGH716S1VJ" ignored="0" name="TestBasicFunctionality" tests="6" failures="0" timestamp="03 Jun 2019 14:37:43 GMT" time="146.95" errors="0">
  <testcase name="loginPageTitleTest" time="0.011" classname="com.TestProject.qa.testcases.LoginPageTest"/>
  <testcase name="validateHomePageTitleTest" time="0.005" classname="com.TestProject.qa.testcases.HomePageTest"/>
  <testcase name="loginTest" time="9.945" classname="com.TestProject.qa.testcases.LoginPageTest"/>
  <testcase name="selectDropDownValuesTest" time="19.84" classname="com.TestProject.qa.testcases.HomePageTest"/>
  <testcase name="selectDropDownValuesTest" time="19.859" classname="com.TestProject.qa.testcases.HomePageTest"/>
  <testcase name="navigatetoprojectPageTest" time="15.305" classname="com.TestProject.qa.testcases.HomePageTest"/>
</testsuite> <!-- TestBasicFunctionality -->
